Determining if the pthread_create exist failed with the following output:
Change Dir: /home/computing/Thorvald/WORKSPACE/catkin_ws/build/CMakeFiles/CMakeTmp

Run Build Command:"/usr/bin/make" "cmTC_c10e8/fast"
/usr/bin/make -f CMakeFiles/cmTC_c10e8.dir/build.make CMakeFiles/cmTC_c10e8.dir/build
make[1]: Entering directory '/home/computing/Thorvald/WORKSPACE/catkin_ws/build/CMakeFiles/CMakeTmp'
Building C object CMakeFiles/cmTC_c10e8.dir/CheckSymbolExists.c.o
/usr/bin/cc     -o CMakeFiles/cmTC_c10e8.dir/CheckSymbolExists.c.o   -c /home/computing/Thorvald/WORKSPACE/catkin_ws/build/CMakeFiles/CMakeTmp/CheckSymbolExists.c
Linking C executable cmTC_c10e8
/usr/bin/cmake -E cmake_link_script CMakeFiles/cmTC_c10e8.dir/link.txt --verbose=1
/usr/bin/cc       CMakeFiles/cmTC_c10e8.dir/CheckSymbolExists.c.o  -o cmTC_c10e8 -rdynamic 
CMakeFiles/cmTC_c10e8.dir/CheckSymbolExists.c.o: In function `main':
CheckSymbolExists.c:(.text+0x16): undefined reference to `pthread_create'
collect2: error: ld returned 1 exit status
CMakeFiles/cmTC_c10e8.dir/build.make:97: recipe for target 'cmTC_c10e8' failed
make[1]: *** [cmTC_c10e8] Error 1
make[1]: Leaving directory '/home/computing/Thorvald/WORKSPACE/catkin_ws/build/CMakeFiles/CMakeTmp'
Makefile:126: recipe for target 'cmTC_c10e8/fast' failed
make: *** [cmTC_c10e8/fast] Error 2

File /home/computing/Thorvald/WORKSPACE/catkin_ws/build/CMakeFiles/CMakeTmp/CheckSymbolExists.c:
/* */
#include <pthread.h>

int main(int argc, char** argv)
{
  (void)argv;
#ifndef pthread_create
  return ((int*)(&pthread_create))[argc];
#else
  (void)argc;
  return 0;
#endif
}

Determining if the function pthread_create exists in the pthreads failed with the following output:
Change Dir: /home/computing/Thorvald/WORKSPACE/catkin_ws/build/CMakeFiles/CMakeTmp

Run Build Command:"/usr/bin/make" "cmTC_ee88b/fast"
/usr/bin/make -f CMakeFiles/cmTC_ee88b.dir/build.make CMakeFiles/cmTC_ee88b.dir/build
make[1]: Entering directory '/home/computing/Thorvald/WORKSPACE/catkin_ws/build/CMakeFiles/CMakeTmp'
Building C object CMakeFiles/cmTC_ee88b.dir/CheckFunctionExists.c.o
/usr/bin/cc    -DCHECK_FUNCTION_EXISTS=pthread_create   -o CMakeFiles/cmTC_ee88b.dir/CheckFunctionExists.c.o   -c /usr/share/cmake-3.5/Modules/CheckFunctionExists.c
Linking C executable cmTC_ee88b
/usr/bin/cmake -E cmake_link_script CMakeFiles/cmTC_ee88b.dir/link.txt --verbose=1
/usr/bin/cc   -DCHECK_FUNCTION_EXISTS=pthread_create    CMakeFiles/cmTC_ee88b.dir/CheckFunctionExists.c.o  -o cmTC_ee88b -rdynamic -lpthreads 
/usr/bin/ld: cannot find -lpthreads
collect2: error: ld returned 1 exit status
CMakeFiles/cmTC_ee88b.dir/build.make:97: recipe for target 'cmTC_ee88b' failed
make[1]: *** [cmTC_ee88b] Error 1
make[1]: Leaving directory '/home/computing/Thorvald/WORKSPACE/catkin_ws/build/CMakeFiles/CMakeTmp'
Makefile:126: recipe for target 'cmTC_ee88b/fast' failed
make: *** [cmTC_ee88b/fast] Error 2


